0 info it worked if it ends with ok
1 verbose cli [ 'C:\\Program Files\\nodejs\\node.exe',
1 verbose cli   'C:\\Program Files\\nodejs\\node_modules\\npm\\bin\\npm-cli.js',
1 verbose cli   'start' ]
2 info using npm@3.10.9
3 info using node@v4.6.1
4 verbose run-script [ 'prestart', 'start', 'poststart' ]
5 info lifecycle pizzasonline@0.0.0~prestart: pizzasonline@0.0.0
6 silly lifecycle pizzasonline@0.0.0~prestart: no script for prestart, continuing
7 info lifecycle pizzasonline@0.0.0~start: pizzasonline@0.0.0
8 verbose lifecycle pizzasonline@0.0.0~start: unsafe-perm in lifecycle true
9 verbose lifecycle pizzasonline@0.0.0~start: PATH: C:\Program Files\nodejs\node_modules\npm\bin\node-gyp-bin;C:\Users\maria\Documents\PizzasOnline-master\Eshopper\pizzasonline\node_modules\.bin;C:\ProgramData\Oracle\Java\javapath;C:\WINDOWS\system32;C:\WINDOWS;C:\WINDOWS\System32\Wbem;C:\WINDOWS\System32\WindowsPowerShell\v1.0\;C:\Program Files\nodejs\;C:\Users\maria\AppData\Local\.meteor\;C:\Users\maria\AppData\Local\Microsoft\WindowsApps;C:\Users\maria\AppData\Roaming\npm
10 verbose lifecycle pizzasonline@0.0.0~start: CWD: C:\Users\maria\Documents\PizzasOnline-master\Eshopper\pizzasonline
11 silly lifecycle pizzasonline@0.0.0~start: Args: [ '/d /s /c', 'node ./bin/www' ]
12 silly lifecycle pizzasonline@0.0.0~start: Returned: code: 3221225786  signal: null
13 info lifecycle pizzasonline@0.0.0~start: Failed to exec start script
14 verbose stack Error: pizzasonline@0.0.0 start: `node ./bin/www`
14 verbose stack Exit status 3221225786
14 verbose stack     at EventEmitter.<anonymous> (C:\Program Files\nodejs\node_modules\npm\lib\utils\lifecycle.js:255:16)
14 verbose stack     at emitTwo (events.js:87:13)
14 verbose stack     at EventEmitter.emit (events.js:172:7)
14 verbose stack     at ChildProcess.<anonymous> (C:\Program Files\nodejs\node_modules\npm\lib\utils\spawn.js:40:14)
14 verbose stack     at emitTwo (events.js:87:13)
14 verbose stack     at ChildProcess.emit (events.js:172:7)
14 verbose stack     at maybeClose (internal/child_process.js:829:16)
14 verbose stack     at Process.ChildProcess._handle.onexit (internal/child_process.js:211:5)
15 verbose pkgid pizzasonline@0.0.0
16 verbose cwd C:\Users\maria\Documents\PizzasOnline-master\Eshopper\pizzasonline
17 error Windows_NT 10.0.14393
18 error argv "C:\\Program Files\\nodejs\\node.exe" "C:\\Program Files\\nodejs\\node_modules\\npm\\bin\\npm-cli.js" "start"
19 error node v4.6.1
20 error npm  v3.10.9
21 error code ELIFECYCLE
22 error pizzasonline@0.0.0 start: `node ./bin/www`
22 error Exit status 3221225786
23 error Failed at the pizzasonline@0.0.0 start script 'node ./bin/www'.
23 error Make sure you have the latest version of node.js and npm installed.
23 error If you do, this is most likely a problem with the pizzasonline package,
23 error not with npm itself.
23 error Tell the author that this fails on your system:
23 error     node ./bin/www
23 error You can get information on how to open an issue for this project with:
23 error     npm bugs pizzasonline
23 error Or if that isn't available, you can get their info via:
23 error     npm owner ls pizzasonline
23 error There is likely additional logging output above.
24 verbose exit [ 1, true ]
